2025-08-23T18:53:20.107+05:30  INFO 8412 --- [USER-AUTHENTICATION-SERVICE] [restartedMain] c.surya.rk.CarerOutfitServerApplication  : Starting CarerOutfitServerApplication using Java 21.0.7 with PID 8412 (E:\STS Workspace\UserAuth-Service2\target\classes started by asus in E:\STS Workspace\UserAuth-Service2)
2025-08-23T18:53:20.114+05:30  INFO 8412 --- [USER-AUTHENTICATION-SERVICE] [restartedMain] c.surya.rk.CarerOutfitServerApplication  : No active profile set, falling back to 1 default profile: "default"
2025-08-23T18:53:20.188+05:30  INFO 8412 --- [USER-AUTHENTICATION-SERVICE] [restartedMain] .e.DevToolsPropertyDefaultsPostProcessor : Devtools property defaults active! Set 'spring.devtools.add-properties' to 'false' to disable
2025-08-23T18:53:20.188+05:30  INFO 8412 --- [USER-AUTHENTICATION-SERVICE] [restartedMain] .e.DevToolsPropertyDefaultsPostProcessor : For additional web related logging consider setting the 'logging.level.web' property to 'DEBUG'
2025-08-23T18:53:21.441+05:30  INFO 8412 --- [USER-AUTHENTICATION-SERVICE] [restartedMain] .s.d.r.c.RepositoryConfigurationDelegate : Bootstrapping Spring Data JPA repositories in DEFAULT mode.
2025-08-23T18:53:21.511+05:30  INFO 8412 --- [USER-AUTHENTICATION-SERVICE] [restartedMain] .s.d.r.c.RepositoryConfigurationDelegate : Finished Spring Data repository scanning in 60 ms. Found 3 JPA repository interfaces.
2025-08-23T18:53:22.246+05:30  INFO 8412 --- [USER-AUTHENTICATION-SERVICE] [restartedMain] o.s.b.w.embedded.tomcat.TomcatWebServer  : Tomcat initialized with port 8087 (http)
2025-08-23T18:53:22.266+05:30  INFO 8412 --- [USER-AUTHENTICATION-SERVICE] [restartedMain] o.apache.catalina.core.StandardService   : Starting service [Tomcat]
2025-08-23T18:53:22.267+05:30  INFO 8412 --- [USER-AUTHENTICATION-SERVICE] [restartedMain] o.apache.catalina.core.StandardEngine    : Starting Servlet engine: [Apache Tomcat/10.1.43]
2025-08-23T18:53:22.316+05:30  INFO 8412 --- [USER-AUTHENTICATION-SERVICE] [restartedMain] o.a.c.c.C.[Tomcat].[localhost].[/]       : Initializing Spring embedded WebApplicationContext
2025-08-23T18:53:22.317+05:30  INFO 8412 --- [USER-AUTHENTICATION-SERVICE] [restartedMain] w.s.c.ServletWebServerApplicationContext : Root WebApplicationContext: initialization completed in 2128 ms
2025-08-23T18:53:22.591+05:30  INFO 8412 --- [USER-AUTHENTICATION-SERVICE] [restartedMain] o.hibernate.jpa.internal.util.LogHelper  : HHH000204: Processing PersistenceUnitInfo [name: default]
2025-08-23T18:53:22.646+05:30  INFO 8412 --- [USER-AUTHENTICATION-SERVICE] [restartedMain] org.hibernate.Version                    : HHH000412: Hibernate ORM core version 6.6.22.Final
2025-08-23T18:53:22.690+05:30  INFO 8412 --- [USER-AUTHENTICATION-SERVICE] [restartedMain] o.h.c.internal.RegionFactoryInitiator    : HHH000026: Second-level cache disabled
2025-08-23T18:53:23.013+05:30  INFO 8412 --- [USER-AUTHENTICATION-SERVICE] [restartedMain] o.s.o.j.p.SpringPersistenceUnitInfo      : No LoadTimeWeaver setup: ignoring JPA class transformer
2025-08-23T18:53:23.043+05:30  INFO 8412 --- [USER-AUTHENTICATION-SERVICE] [restartedMain] com.zaxxer.hikari.HikariDataSource       : HikariPool-1 - Starting...
2025-08-23T18:53:23.430+05:30  INFO 8412 --- [USER-AUTHENTICATION-SERVICE] [restartedMain] com.zaxxer.hikari.pool.HikariPool        : HikariPool-1 - Added connection com.mysql.cj.jdbc.ConnectionImpl@540c93fe
2025-08-23T18:53:23.433+05:30  INFO 8412 --- [USER-AUTHENTICATION-SERVICE] [restartedMain] com.zaxxer.hikari.HikariDataSource       : HikariPool-1 - Start completed.
2025-08-23T18:53:23.522+05:30  INFO 8412 --- [USER-AUTHENTICATION-SERVICE] [restartedMain] org.hibernate.orm.connections.pooling    : HHH10001005: Database info:
	Database JDBC URL [Connecting through datasource 'HikariDataSource (HikariPool-1)']
	Database driver: undefined/unknown
	Database version: 8.0.43
	Autocommit mode: undefined/unknown
	Isolation level: undefined/unknown
	Minimum pool size: undefined/unknown
	Maximum pool size: undefined/unknown
2025-08-23T18:53:24.489+05:30  INFO 8412 --- [USER-AUTHENTICATION-SERVICE] [restartedMain] o.h.e.t.j.p.i.JtaPlatformInitiator       : HHH000489: No JTA platform available (set 'hibernate.transaction.jta.platform' to enable JTA platform integration)
2025-08-23T18:53:24.581+05:30 DEBUG 8412 --- [USER-AUTHENTICATION-SERVICE] [restartedMain] org.hibernate.SQL                        : 
    create table products (
        id bigint not null auto_increment,
        description varchar(255),
        name varchar(255) not null,
        price float(53) not null,
        quantity integer not null,
        primary key (id)
    ) engine=InnoDB
2025-08-23T18:53:24.682+05:30  INFO 8412 --- [USER-AUTHENTICATION-SERVICE] [restartedMain] j.LocalContainerEntityManagerFactoryBean : Initialized JPA EntityManagerFactory for persistence unit 'default'
2025-08-23T18:53:25.316+05:30 DEBUG 8412 --- [USER-AUTHENTICATION-SERVICE] [restartedMain] org.hibernate.SQL                        : 
    select
        u1_0.id,
        u1_0.email,
        u1_0.name,
        u1_0.password,
        u1_0.user_role 
    from
        user u1_0 
    where
        u1_0.user_role=?
2025-08-23T18:53:25.439+05:30  INFO 8412 --- [USER-AUTHENTICATION-SERVICE] [restartedMain] eAuthenticationProviderManagerConfigurer : Global AuthenticationManager configured with AuthenticationProvider bean with name authenticationProvider
2025-08-23T18:53:25.531+05:30  WARN 8412 --- [USER-AUTHENTICATION-SERVICE] [restartedMain] JpaBaseConfiguration$JpaWebConfiguration : spring.jpa.open-in-view is enabled by default. Therefore, database queries may be performed during view rendering. Explicitly configure spring.jpa.open-in-view to disable this warning
2025-08-23T18:53:26.008+05:30  INFO 8412 --- [USER-AUTHENTICATION-SERVICE] [restartedMain] o.s.b.a.e.web.EndpointLinksResolver      : Exposing 14 endpoints beneath base path '/actuator'
2025-08-23T18:53:26.573+05:30  INFO 8412 --- [USER-AUTHENTICATION-SERVICE] [restartedMain] o.s.b.d.a.OptionalLiveReloadServer       : LiveReload server is running on port 35729
2025-08-23T18:53:26.652+05:30  INFO 8412 --- [USER-AUTHENTICATION-SERVICE] [restartedMain] o.s.b.w.embedded.tomcat.TomcatWebServer  : Tomcat started on port 8087 (http) with context path '/'
2025-08-23T18:53:26.669+05:30  INFO 8412 --- [USER-AUTHENTICATION-SERVICE] [restartedMain] c.surya.rk.CarerOutfitServerApplication  : Started CarerOutfitServerApplication in 7.158 seconds (process running for 8.11)
2025-08-23T18:53:49.286+05:30  INFO 9424 --- [USER-AUTHENTICATION-SERVICE] [main] c.s.r.c.product.ProductControllerTest    : Starting ProductControllerTest using Java 21.0.7 with PID 9424 (started by asus in E:\STS Workspace\UserAuth-Service2)
2025-08-23T18:53:49.288+05:30  INFO 9424 --- [USER-AUTHENTICATION-SERVICE] [main] c.s.r.c.product.ProductControllerTest    : No active profile set, falling back to 1 default profile: "default"
2025-08-23T18:53:55.599+05:30  INFO 8412 --- [USER-AUTHENTICATION-SERVICE] [RMI TCP Connection(9)-127.0.0.1] inMXBeanRegistrar$SpringApplicationAdmin : Application shutdown requested.
2025-08-23T18:53:55.607+05:30  INFO 8412 --- [USER-AUTHENTICATION-SERVICE] [RMI TCP Connection(9)-127.0.0.1] o.s.b.w.e.tomcat.GracefulShutdown        : Commencing graceful shutdown. Waiting for active requests to complete
2025-08-23T18:53:55.623+05:30  INFO 8412 --- [USER-AUTHENTICATION-SERVICE] [tomcat-shutdown] o.s.b.w.e.tomcat.GracefulShutdown        : Graceful shutdown complete
2025-08-23T18:53:55.643+05:30  INFO 8412 --- [USER-AUTHENTICATION-SERVICE] [RMI TCP Connection(9)-127.0.0.1] j.LocalContainerEntityManagerFactoryBean : Closing JPA EntityManagerFactory for persistence unit 'default'
2025-08-23T18:53:55.653+05:30  INFO 8412 --- [USER-AUTHENTICATION-SERVICE] [RMI TCP Connection(9)-127.0.0.1] com.zaxxer.hikari.HikariDataSource       : HikariPool-1 - Shutdown initiated...
2025-08-23T18:53:55.674+05:30  INFO 8412 --- [USER-AUTHENTICATION-SERVICE] [RMI TCP Connection(9)-127.0.0.1] com.zaxxer.hikari.HikariDataSource       : HikariPool-1 - Shutdown completed.
2025-08-23T18:54:09.131+05:30  INFO 8196 --- [USER-AUTHENTICATION-SERVICE] [main] c.s.r.c.product.ProductControllerTest    : Starting ProductControllerTest using Java 21.0.7 with PID 8196 (started by asus in E:\STS Workspace\UserAuth-Service2)
2025-08-23T18:54:09.134+05:30  INFO 8196 --- [USER-AUTHENTICATION-SERVICE] [main] c.s.r.c.product.ProductControllerTest    : No active profile set, falling back to 1 default profile: "default"
2025-08-23T18:54:12.497+05:30  WARN 8196 --- [USER-AUTHENTICATION-SERVICE] [main] .s.s.UserDetailsServiceAutoConfiguration : 

Using generated security password: 7b809976-82c9-49f4-8b2f-65477e5abc64

This generated password is for development use only. Your security configuration must be updated before running your application in production.

2025-08-23T18:54:12.507+05:30  INFO 8196 --- [USER-AUTHENTICATION-SERVICE] [main] r$InitializeUserDetailsManagerConfigurer : Global AuthenticationManager configured with UserDetailsService bean with name inMemoryUserDetailsManager
2025-08-23T18:54:12.798+05:30  INFO 8196 --- [USER-AUTHENTICATION-SERVICE] [main] o.s.b.t.m.w.SpringBootMockServletContext : Initializing Spring TestDispatcherServlet ''
2025-08-23T18:54:12.799+05:30  INFO 8196 --- [USER-AUTHENTICATION-SERVICE] [main] o.s.t.web.servlet.TestDispatcherServlet  : Initializing Servlet ''
2025-08-23T18:54:12.802+05:30  INFO 8196 --- [USER-AUTHENTICATION-SERVICE] [main] o.s.t.web.servlet.TestDispatcherServlet  : Completed initialization in 2 ms
2025-08-23T18:54:12.852+05:30  INFO 8196 --- [USER-AUTHENTICATION-SERVICE] [main] c.s.r.c.product.ProductControllerTest    : Started ProductControllerTest in 4.375 seconds (process running for 5.729)
2025-08-23T18:56:51.491+05:30  INFO 7104 --- [USER-AUTHENTICATION-SERVICE] [main] c.s.r.c.product.ProductControllerTest    : Starting ProductControllerTest using Java 21.0.7 with PID 7104 (started by asus in E:\STS Workspace\UserAuth-Service2)
2025-08-23T18:56:51.493+05:30  INFO 7104 --- [USER-AUTHENTICATION-SERVICE] [main] c.s.r.c.product.ProductControllerTest    : No active profile set, falling back to 1 default profile: "default"
2025-08-23T18:56:54.977+05:30  WARN 7104 --- [USER-AUTHENTICATION-SERVICE] [main] .s.s.UserDetailsServiceAutoConfiguration : 

Using generated security password: 1fe7bef6-b540-48b9-a48c-57c2819e487f

This generated password is for development use only. Your security configuration must be updated before running your application in production.

2025-08-23T18:56:54.998+05:30  INFO 7104 --- [USER-AUTHENTICATION-SERVICE] [main] r$InitializeUserDetailsManagerConfigurer : Global AuthenticationManager configured with UserDetailsService bean with name inMemoryUserDetailsManager
2025-08-23T18:56:55.292+05:30  INFO 7104 --- [USER-AUTHENTICATION-SERVICE] [main] o.s.b.t.m.w.SpringBootMockServletContext : Initializing Spring TestDispatcherServlet ''
2025-08-23T18:56:55.293+05:30  INFO 7104 --- [USER-AUTHENTICATION-SERVICE] [main] o.s.t.web.servlet.TestDispatcherServlet  : Initializing Servlet ''
2025-08-23T18:56:55.297+05:30  INFO 7104 --- [USER-AUTHENTICATION-SERVICE] [main] o.s.t.web.servlet.TestDispatcherServlet  : Completed initialization in 4 ms
2025-08-23T18:56:55.352+05:30  INFO 7104 --- [USER-AUTHENTICATION-SERVICE] [main] c.s.r.c.product.ProductControllerTest    : Started ProductControllerTest in 4.644 seconds (process running for 6.032)
2025-08-23T18:58:41.105+05:30  INFO 4308 --- [USER-AUTHENTICATION-SERVICE] [main] c.s.r.c.product.ProductControllerTest    : Starting ProductControllerTest using Java 21.0.7 with PID 4308 (started by asus in E:\STS Workspace\UserAuth-Service2)
2025-08-23T18:58:41.108+05:30  INFO 4308 --- [USER-AUTHENTICATION-SERVICE] [main] c.s.r.c.product.ProductControllerTest    : No active profile set, falling back to 1 default profile: "default"
2025-08-23T18:58:44.783+05:30  WARN 4308 --- [USER-AUTHENTICATION-SERVICE] [main] .s.s.UserDetailsServiceAutoConfiguration : 

Using generated security password: ef0d2834-fba0-4b4d-aacb-08fd2b440cd0

This generated password is for development use only. Your security configuration must be updated before running your application in production.

2025-08-23T18:58:44.799+05:30  INFO 4308 --- [USER-AUTHENTICATION-SERVICE] [main] r$InitializeUserDetailsManagerConfigurer : Global AuthenticationManager configured with UserDetailsService bean with name inMemoryUserDetailsManager
2025-08-23T18:58:45.125+05:30  INFO 4308 --- [USER-AUTHENTICATION-SERVICE] [main] o.s.b.t.m.w.SpringBootMockServletContext : Initializing Spring TestDispatcherServlet ''
2025-08-23T18:58:45.125+05:30  INFO 4308 --- [USER-AUTHENTICATION-SERVICE] [main] o.s.t.web.servlet.TestDispatcherServlet  : Initializing Servlet ''
2025-08-23T18:58:45.128+05:30  INFO 4308 --- [USER-AUTHENTICATION-SERVICE] [main] o.s.t.web.servlet.TestDispatcherServlet  : Completed initialization in 3 ms
2025-08-23T18:58:45.186+05:30  INFO 4308 --- [USER-AUTHENTICATION-SERVICE] [main] c.s.r.c.product.ProductControllerTest    : Started ProductControllerTest in 4.843 seconds (process running for 6.356)
2025-08-23T19:01:29.855+05:30  INFO 6496 --- [USER-AUTHENTICATION-SERVICE] [main] c.s.r.c.product.ProductControllerTest    : Starting ProductControllerTest using Java 21.0.7 with PID 6496 (started by asus in E:\STS Workspace\UserAuth-Service2)
2025-08-23T19:01:29.857+05:30  INFO 6496 --- [USER-AUTHENTICATION-SERVICE] [main] c.s.r.c.product.ProductControllerTest    : No active profile set, falling back to 1 default profile: "default"
2025-08-23T19:01:33.215+05:30  WARN 6496 --- [USER-AUTHENTICATION-SERVICE] [main] .s.s.UserDetailsServiceAutoConfiguration : 

Using generated security password: ad141af8-63cf-4b12-a50a-d3487cd7315f

This generated password is for development use only. Your security configuration must be updated before running your application in production.

2025-08-23T19:01:33.229+05:30  INFO 6496 --- [USER-AUTHENTICATION-SERVICE] [main] r$InitializeUserDetailsManagerConfigurer : Global AuthenticationManager configured with UserDetailsService bean with name inMemoryUserDetailsManager
2025-08-23T19:01:33.524+05:30  INFO 6496 --- [USER-AUTHENTICATION-SERVICE] [main] o.s.b.t.m.w.SpringBootMockServletContext : Initializing Spring TestDispatcherServlet ''
2025-08-23T19:01:33.524+05:30  INFO 6496 --- [USER-AUTHENTICATION-SERVICE] [main] o.s.t.web.servlet.TestDispatcherServlet  : Initializing Servlet ''
2025-08-23T19:01:33.527+05:30  INFO 6496 --- [USER-AUTHENTICATION-SERVICE] [main] o.s.t.web.servlet.TestDispatcherServlet  : Completed initialization in 1 ms
2025-08-23T19:01:33.578+05:30  INFO 6496 --- [USER-AUTHENTICATION-SERVICE] [main] c.s.r.c.product.ProductControllerTest    : Started ProductControllerTest in 4.378 seconds (process running for 5.666)
2025-08-23T19:05:49.449+05:30  INFO 7536 --- [USER-AUTHENTICATION-SERVICE] [main] c.s.r.c.product.ProductControllerTest    : Starting ProductControllerTest using Java 21.0.7 with PID 7536 (started by asus in E:\STS Workspace\UserAuth-Service2)
2025-08-23T19:05:49.451+05:30  INFO 7536 --- [USER-AUTHENTICATION-SERVICE] [main] c.s.r.c.product.ProductControllerTest    : No active profile set, falling back to 1 default profile: "default"
2025-08-23T19:05:52.969+05:30  WARN 7536 --- [USER-AUTHENTICATION-SERVICE] [main] .s.s.UserDetailsServiceAutoConfiguration : 

Using generated security password: c3bbd8b6-f5e9-428c-84d5-50e573d8ccb1

This generated password is for development use only. Your security configuration must be updated before running your application in production.

2025-08-23T19:05:52.983+05:30  INFO 7536 --- [USER-AUTHENTICATION-SERVICE] [main] r$InitializeUserDetailsManagerConfigurer : Global AuthenticationManager configured with UserDetailsService bean with name inMemoryUserDetailsManager
2025-08-23T19:05:53.280+05:30  INFO 7536 --- [USER-AUTHENTICATION-SERVICE] [main] o.s.b.t.m.w.SpringBootMockServletContext : Initializing Spring TestDispatcherServlet ''
2025-08-23T19:05:53.282+05:30  INFO 7536 --- [USER-AUTHENTICATION-SERVICE] [main] o.s.t.web.servlet.TestDispatcherServlet  : Initializing Servlet ''
2025-08-23T19:05:53.285+05:30  INFO 7536 --- [USER-AUTHENTICATION-SERVICE] [main] o.s.t.web.servlet.TestDispatcherServlet  : Completed initialization in 2 ms
2025-08-23T19:05:53.335+05:30  INFO 7536 --- [USER-AUTHENTICATION-SERVICE] [main] c.s.r.c.product.ProductControllerTest    : Started ProductControllerTest in 4.556 seconds (process running for 5.84)
2025-08-23T19:06:07.984+05:30  INFO 13892 --- [USER-AUTHENTICATION-SERVICE] [main] c.s.r.r.ProductRepositoryTest            : Starting ProductRepositoryTest using Java 21.0.7 with PID 13892 (started by asus in E:\STS Workspace\UserAuth-Service2)
2025-08-23T19:06:07.986+05:30  INFO 13892 --- [USER-AUTHENTICATION-SERVICE] [main] c.s.r.r.ProductRepositoryTest            : No active profile set, falling back to 1 default profile: "default"
2025-08-23T19:06:08.840+05:30  INFO 13892 --- [USER-AUTHENTICATION-SERVICE] [main] .s.d.r.c.RepositoryConfigurationDelegate : Bootstrapping Spring Data JPA repositories in DEFAULT mode.
2025-08-23T19:06:08.979+05:30  INFO 13892 --- [USER-AUTHENTICATION-SERVICE] [main] .s.d.r.c.RepositoryConfigurationDelegate : Finished Spring Data repository scanning in 117 ms. Found 3 JPA repository interfaces.
2025-08-23T19:06:09.449+05:30  INFO 13892 --- [USER-AUTHENTICATION-SERVICE] [main] o.hibernate.jpa.internal.util.LogHelper  : HHH000204: Processing PersistenceUnitInfo [name: default]
2025-08-23T19:06:09.526+05:30  INFO 13892 --- [USER-AUTHENTICATION-SERVICE] [main] org.hibernate.Version                    : HHH000412: Hibernate ORM core version 6.6.22.Final
2025-08-23T19:06:09.559+05:30  INFO 13892 --- [USER-AUTHENTICATION-SERVICE] [main] o.h.c.internal.RegionFactoryInitiator    : HHH000026: Second-level cache disabled
2025-08-23T19:06:09.935+05:30  INFO 13892 --- [USER-AUTHENTICATION-SERVICE] [main] o.s.o.j.p.SpringPersistenceUnitInfo      : No LoadTimeWeaver setup: ignoring JPA class transformer
2025-08-23T19:06:09.984+05:30  INFO 13892 --- [USER-AUTHENTICATION-SERVICE] [main] com.zaxxer.hikari.HikariDataSource       : HikariPool-1 - Starting...
2025-08-23T19:06:10.608+05:30  INFO 13892 --- [USER-AUTHENTICATION-SERVICE] [main] com.zaxxer.hikari.pool.HikariPool        : HikariPool-1 - Added connection com.mysql.cj.jdbc.ConnectionImpl@5c4f4330
2025-08-23T19:06:10.611+05:30  INFO 13892 --- [USER-AUTHENTICATION-SERVICE] [main] com.zaxxer.hikari.HikariDataSource       : HikariPool-1 - Start completed.
2025-08-23T19:06:10.772+05:30  INFO 13892 --- [USER-AUTHENTICATION-SERVICE] [main] org.hibernate.orm.connections.pooling    : HHH10001005: Database info:
	Database JDBC URL [Connecting through datasource 'HikariDataSource (HikariPool-1)']
	Database driver: undefined/unknown
	Database version: 8.0.43
	Autocommit mode: undefined/unknown
	Isolation level: undefined/unknown
	Minimum pool size: undefined/unknown
	Maximum pool size: undefined/unknown
2025-08-23T19:06:12.035+05:30  INFO 13892 --- [USER-AUTHENTICATION-SERVICE] [main] o.h.e.t.j.p.i.JtaPlatformInitiator       : HHH000489: No JTA platform available (set 'hibernate.transaction.jta.platform' to enable JTA platform integration)
2025-08-23T19:06:12.145+05:30  INFO 13892 --- [USER-AUTHENTICATION-SERVICE] [main] j.LocalContainerEntityManagerFactoryBean : Initialized JPA EntityManagerFactory for persistence unit 'default'
2025-08-23T19:06:12.833+05:30  INFO 13892 --- [USER-AUTHENTICATION-SERVICE] [main] c.s.r.r.ProductRepositoryTest            : Started ProductRepositoryTest in 5.503 seconds (process running for 7.006)
2025-08-23T19:06:13.404+05:30 DEBUG 13892 --- [USER-AUTHENTICATION-SERVICE] [main] org.hibernate.SQL                        : 
    insert 
    into
        products
        (description, name, price, quantity) 
    values
        (?, ?, ?, ?)
2025-08-23T19:06:13.504+05:30 DEBUG 13892 --- [USER-AUTHENTICATION-SERVICE] [main] org.hibernate.SQL                        : 
    insert 
    into
        products
        (description, name, price, quantity) 
    values
        (?, ?, ?, ?)
2025-08-23T19:06:13.508+05:30 DEBUG 13892 --- [USER-AUTHENTICATION-SERVICE] [main] org.hibernate.SQL                        : 
    insert 
    into
        products
        (description, name, price, quantity) 
    values
        (?, ?, ?, ?)
2025-08-23T19:06:13.622+05:30 DEBUG 13892 --- [USER-AUTHENTICATION-SERVICE] [main] org.hibernate.SQL                        : 
    select
        p1_0.id,
        p1_0.description,
        p1_0.name,
        p1_0.price,
        p1_0.quantity 
    from
        products p1_0
2025-08-23T19:06:13.651+05:30  INFO 13892 --- [USER-AUTHENTICATION-SERVICE] [SpringApplicationShutdownHook] j.LocalContainerEntityManagerFactoryBean : Closing JPA EntityManagerFactory for persistence unit 'default'
2025-08-23T19:06:13.654+05:30  INFO 13892 --- [USER-AUTHENTICATION-SERVICE] [SpringApplicationShutdownHook] com.zaxxer.hikari.HikariDataSource       : HikariPool-1 - Shutdown initiated...
2025-08-23T19:06:13.663+05:30  INFO 13892 --- [USER-AUTHENTICATION-SERVICE] [SpringApplicationShutdownHook] com.zaxxer.hikari.HikariDataSource       : HikariPool-1 - Shutdown completed.
